<?xml version="1.0" encoding="UTF-8"?>
<testsuite xmlns:xsi="http://www.w3.org/2001/XMLSchema-instance" xsi:noNamespaceSchemaLocation="https://maven.apache.org/surefire/maven-surefire-plugin/xsd/surefire-test-report.xsd" name="com.testfan.SpringbootTestApplicationTests" time="3.312" tests="0" errors="0" skipped="0" failures="0">
  <properties>
    <property name="sun.desktop" value="windows"/>
    <property name="awt.toolkit" value="sun.awt.windows.WToolkit"/>
    <property name="file.encoding.pkg" value="sun.io"/>
    <property name="java.specification.version" value="1.8"/>
    <property name="sun.cpu.isalist" value="amd64"/>
    <property name="sun.jnu.encoding" value="GBK"/>
    <property name="java.class.path" value="D:\ideaSpace2\springbootTest\target\test-classes;D:\ideaSpace2\springbootTest\target\classes;D:\tools\Repositorys\org\springframework\boot\spring-boot-starter-web\2.0.4.RELEASE\spring-boot-starter-web-2.0.4.RELEASE.jar;D:\tools\Repositorys\org\springframework\boot\spring-boot-starter\2.0.4.RELEASE\spring-boot-starter-2.0.4.RELEASE.jar;D:\tools\Repositorys\org\springframework\boot\spring-boot\2.0.4.RELEASE\spring-boot-2.0.4.RELEASE.jar;D:\tools\Repositorys\org\springframework\boot\spring-boot-autoconfigure\2.0.4.RELEASE\spring-boot-autoconfigure-2.0.4.RELEASE.jar;D:\tools\Repositorys\org\springframework\boot\spring-boot-starter-logging\2.0.4.RELEASE\spring-boot-starter-logging-2.0.4.RELEASE.jar;D:\tools\Repositorys\ch\qos\logback\logback-classic\1.2.3\logback-classic-1.2.3.jar;D:\tools\Repositorys\ch\qos\logback\logback-core\1.2.3\logback-core-1.2.3.jar;D:\tools\Repositorys\org\apache\logging\log4j\log4j-to-slf4j\2.10.0\log4j-to-slf4j-2.10.0.jar;D:\tools\Repositorys\org\apache\logging\log4j\log4j-api\2.10.0\log4j-api-2.10.0.jar;D:\tools\Repositorys\org\slf4j\jul-to-slf4j\1.7.25\jul-to-slf4j-1.7.25.jar;D:\tools\Repositorys\org\yaml\snakeyaml\1.19\snakeyaml-1.19.jar;D:\tools\Repositorys\org\springframework\boot\spring-boot-starter-json\2.0.4.RELEASE\spring-boot-starter-json-2.0.4.RELEASE.jar;D:\tools\Repositorys\com\fasterxml\jackson\core\jackson-databind\2.9.6\jackson-databind-2.9.6.jar;D:\tools\Repositorys\com\fasterxml\jackson\core\jackson-annotations\2.9.0\jackson-annotations-2.9.0.jar;D:\tools\Repositorys\com\fasterxml\jackson\core\jackson-core\2.9.6\jackson-core-2.9.6.jar;D:\tools\Repositorys\com\fasterxml\jackson\datatype\jackson-datatype-jdk8\2.9.6\jackson-datatype-jdk8-2.9.6.jar;D:\tools\Repositorys\com\fasterxml\jackson\datatype\jackson-datatype-jsr310\2.9.6\jackson-datatype-jsr310-2.9.6.jar;D:\tools\Repositorys\com\fasterxml\jackson\module\jackson-module-parameter-names\2.9.6\jackson-module-parameter-names-2.9.6.jar;D:\tools\Repositorys\org\hibernate\validator\hibernate-validator\6.0.11.Final\hibernate-validator-6.0.11.Final.jar;D:\tools\Repositorys\javax\validation\validation-api\2.0.1.Final\validation-api-2.0.1.Final.jar;D:\tools\Repositorys\org\jboss\logging\jboss-logging\3.3.2.Final\jboss-logging-3.3.2.Final.jar;D:\tools\Repositorys\com\fasterxml\classmate\1.3.4\classmate-1.3.4.jar;D:\tools\Repositorys\org\springframework\spring-web\5.0.8.RELEASE\spring-web-5.0.8.RELEASE.jar;D:\tools\Repositorys\org\springframework\spring-beans\5.0.8.RELEASE\spring-beans-5.0.8.RELEASE.jar;D:\tools\Repositorys\org\springframework\spring-webmvc\5.0.8.RELEASE\spring-webmvc-5.0.8.RELEASE.jar;D:\tools\Repositorys\org\springframework\spring-aop\5.0.8.RELEASE\spring-aop-5.0.8.RELEASE.jar;D:\tools\Repositorys\org\springframework\spring-context\5.0.8.RELEASE\spring-context-5.0.8.RELEASE.jar;D:\tools\Repositorys\org\springframework\spring-expression\5.0.8.RELEASE\spring-expression-5.0.8.RELEASE.jar;D:\tools\Repositorys\org\springframework\boot\spring-boot-starter-tomcat\2.0.4.RELEASE\spring-boot-starter-tomcat-2.0.4.RELEASE.jar;D:\tools\Repositorys\javax\annotation\javax.annotation-api\1.3.2\javax.annotation-api-1.3.2.jar;D:\tools\Repositorys\org\apache\tomcat\embed\tomcat-embed-core\8.5.32\tomcat-embed-core-8.5.32.jar;D:\tools\Repositorys\org\apache\tomcat\embed\tomcat-embed-el\8.5.32\tomcat-embed-el-8.5.32.jar;D:\tools\Repositorys\org\apache\tomcat\embed\tomcat-embed-websocket\8.5.32\tomcat-embed-websocket-8.5.32.jar;D:\tools\Repositorys\org\springframework\boot\spring-boot-starter-test\2.0.4.RELEASE\spring-boot-starter-test-2.0.4.RELEASE.jar;D:\tools\Repositorys\org\springframework\boot\spring-boot-test\2.0.4.RELEASE\spring-boot-test-2.0.4.RELEASE.jar;D:\tools\Repositorys\org\springframework\boot\spring-boot-test-autoconfigure\2.0.4.RELEASE\spring-boot-test-autoconfigure-2.0.4.RELEASE.jar;D:\tools\Repositorys\com\jayway\jsonpath\json-path\2.4.0\json-path-2.4.0.jar;D:\tools\Repositorys\net\minidev\json-smart\2.3\json-smart-2.3.jar;D:\tools\Repositorys\net\minidev\accessors-smart\1.2\accessors-smart-1.2.jar;D:\tools\Repositorys\org\ow2\asm\asm\5.0.4\asm-5.0.4.jar;D:\tools\Repositorys\org\slf4j\slf4j-api\1.7.25\slf4j-api-1.7.25.jar;D:\tools\Repositorys\junit\junit\4.12\junit-4.12.jar;D:\tools\Repositorys\org\assertj\assertj-core\3.9.1\assertj-core-3.9.1.jar;D:\tools\Repositorys\org\mockito\mockito-core\2.15.0\mockito-core-2.15.0.jar;D:\tools\Repositorys\net\bytebuddy\byte-buddy\1.7.11\byte-buddy-1.7.11.jar;D:\tools\Repositorys\net\bytebuddy\byte-buddy-agent\1.7.11\byte-buddy-agent-1.7.11.jar;D:\tools\Repositorys\org\objenesis\objenesis\2.6\objenesis-2.6.jar;D:\tools\Repositorys\org\hamcrest\hamcrest-core\1.3\hamcrest-core-1.3.jar;D:\tools\Repositorys\org\hamcrest\hamcrest-library\1.3\hamcrest-library-1.3.jar;D:\tools\Repositorys\org\skyscreamer\jsonassert\1.5.0\jsonassert-1.5.0.jar;D:\tools\Repositorys\com\vaadin\external\google\android-json\0.0.20131108.vaadin1\android-json-0.0.20131108.vaadin1.jar;D:\tools\Repositorys\org\springframework\spring-core\5.0.8.RELEASE\spring-core-5.0.8.RELEASE.jar;D:\tools\Repositorys\org\springframework\spring-jcl\5.0.8.RELEASE\spring-jcl-5.0.8.RELEASE.jar;D:\tools\Repositorys\org\springframework\spring-test\5.0.8.RELEASE\spring-test-5.0.8.RELEASE.jar;D:\tools\Repositorys\org\xmlunit\xmlunit-core\2.5.1\xmlunit-core-2.5.1.jar;D:\tools\Repositorys\org\apache\tomcat\embed\tomcat-embed-jasper\8.5.32\tomcat-embed-jasper-8.5.32.jar;D:\tools\Repositorys\org\eclipse\jdt\ecj\3.12.3\ecj-3.12.3.jar;D:\tools\Repositorys\javax\servlet\jstl\1.2\jstl-1.2.jar;D:\tools\Repositorys\commons-fileupload\commons-fileupload\1.3.1\commons-fileupload-1.3.1.jar;D:\tools\Repositorys\commons-io\commons-io\2.2\commons-io-2.2.jar;D:\tools\Repositorys\org\mybatis\spring\boot\mybatis-spring-boot-starter\1.3.2\mybatis-spring-boot-starter-1.3.2.jar;D:\tools\Repositorys\org\springframework\boot\spring-boot-starter-jdbc\2.0.4.RELEASE\spring-boot-starter-jdbc-2.0.4.RELEASE.jar;D:\tools\Repositorys\com\zaxxer\HikariCP\2.7.9\HikariCP-2.7.9.jar;D:\tools\Repositorys\org\springframework\spring-jdbc\5.0.8.RELEASE\spring-jdbc-5.0.8.RELEASE.jar;D:\tools\Repositorys\org\springframework\spring-tx\5.0.8.RELEASE\spring-tx-5.0.8.RELEASE.jar;D:\tools\Repositorys\org\mybatis\spring\boot\mybatis-spring-boot-autoconfigure\1.3.2\mybatis-spring-boot-autoconfigure-1.3.2.jar;D:\tools\Repositorys\org\mybatis\mybatis\3.4.6\mybatis-3.4.6.jar;D:\tools\Repositorys\org\mybatis\mybatis-spring\1.3.2\mybatis-spring-1.3.2.jar;D:\tools\Repositorys\mysql\mysql-connector-java\5.1.46\mysql-connector-java-5.1.46.jar;D:\tools\Repositorys\com\github\pagehelper\pagehelper\5.1.2\pagehelper-5.1.2.jar;D:\tools\Repositorys\com\github\jsqlparser\jsqlparser\1.0\jsqlparser-1.0.jar;D:\tools\Repositorys\org\testng\testng\6.14.3\testng-6.14.3.jar;D:\tools\Repositorys\com\beust\jcommander\1.72\jcommander-1.72.jar;D:\tools\Repositorys\org\apache-extras\beanshell\bsh\2.0b6\bsh-2.0b6.jar;D:\tools\Repositorys\commons-beanutils\commons-beanutils\1.9.3\commons-beanutils-1.9.3.jar;D:\tools\Repositorys\commons-logging\commons-logging\1.2\commons-logging-1.2.jar;D:\tools\Repositorys\commons-collections\commons-collections\3.2.2\commons-collections-3.2.2.jar;D:\tools\Repositorys\org\apache\maven\surefire\surefire-testng-utils\2.21.0\surefire-testng-utils-2.21.0.jar;D:\tools\Repositorys\org\apache\maven\surefire\surefire-grouper\2.21.0\surefire-grouper-2.21.0.jar;"/>
    <property name="java.vm.vendor" value="Oracle Corporation"/>
    <property name="sun.arch.data.model" value="64"/>
    <property name="user.variant" value=""/>
    <property name="java.vendor.url" value="http://java.oracle.com/"/>
    <property name="user.timezone" value=""/>
    <property name="java.vm.specification.version" value="1.8"/>
    <property name="os.name" value="Windows 10"/>
    <property name="user.country" value="CN"/>
    <property name="sun.java.launcher" value="SUN_STANDARD"/>
    <property name="sun.boot.library.path" value="C:\Program Files\Java\jdk1.8.0_221\jre\bin"/>
    <property name="sun.java.command" value="C:\Users\ADMINI~1\AppData\Local\Temp\surefire2490389626017506787\surefirebooter7088853779711909123.jar C:\Users\Administrator\AppData\Local\Temp\surefire2490389626017506787 2020-04-13T21-56-55_418-jvmRun1 surefire5865522697710189207tmp surefire_02544194861164337984tmp"/>
    <property name="surefire.test.class.path" value="D:\ideaSpace2\springbootTest\target\test-classes;D:\ideaSpace2\springbootTest\target\classes;D:\tools\Repositorys\org\springframework\boot\spring-boot-starter-web\2.0.4.RELEASE\spring-boot-starter-web-2.0.4.RELEASE.jar;D:\tools\Repositorys\org\springframework\boot\spring-boot-starter\2.0.4.RELEASE\spring-boot-starter-2.0.4.RELEASE.jar;D:\tools\Repositorys\org\springframework\boot\spring-boot\2.0.4.RELEASE\spring-boot-2.0.4.RELEASE.jar;D:\tools\Repositorys\org\springframework\boot\spring-boot-autoconfigure\2.0.4.RELEASE\spring-boot-autoconfigure-2.0.4.RELEASE.jar;D:\tools\Repositorys\org\springframework\boot\spring-boot-starter-logging\2.0.4.RELEASE\spring-boot-starter-logging-2.0.4.RELEASE.jar;D:\tools\Repositorys\ch\qos\logback\logback-classic\1.2.3\logback-classic-1.2.3.jar;D:\tools\Repositorys\ch\qos\logback\logback-core\1.2.3\logback-core-1.2.3.jar;D:\tools\Repositorys\org\apache\logging\log4j\log4j-to-slf4j\2.10.0\log4j-to-slf4j-2.10.0.jar;D:\tools\Repositorys\org\apache\logging\log4j\log4j-api\2.10.0\log4j-api-2.10.0.jar;D:\tools\Repositorys\org\slf4j\jul-to-slf4j\1.7.25\jul-to-slf4j-1.7.25.jar;D:\tools\Repositorys\org\yaml\snakeyaml\1.19\snakeyaml-1.19.jar;D:\tools\Repositorys\org\springframework\boot\spring-boot-starter-json\2.0.4.RELEASE\spring-boot-starter-json-2.0.4.RELEASE.jar;D:\tools\Repositorys\com\fasterxml\jackson\core\jackson-databind\2.9.6\jackson-databind-2.9.6.jar;D:\tools\Repositorys\com\fasterxml\jackson\core\jackson-annotations\2.9.0\jackson-annotations-2.9.0.jar;D:\tools\Repositorys\com\fasterxml\jackson\core\jackson-core\2.9.6\jackson-core-2.9.6.jar;D:\tools\Repositorys\com\fasterxml\jackson\datatype\jackson-datatype-jdk8\2.9.6\jackson-datatype-jdk8-2.9.6.jar;D:\tools\Repositorys\com\fasterxml\jackson\datatype\jackson-datatype-jsr310\2.9.6\jackson-datatype-jsr310-2.9.6.jar;D:\tools\Repositorys\com\fasterxml\jackson\module\jackson-module-parameter-names\2.9.6\jackson-module-parameter-names-2.9.6.jar;D:\tools\Repositorys\org\hibernate\validator\hibernate-validator\6.0.11.Final\hibernate-validator-6.0.11.Final.jar;D:\tools\Repositorys\javax\validation\validation-api\2.0.1.Final\validation-api-2.0.1.Final.jar;D:\tools\Repositorys\org\jboss\logging\jboss-logging\3.3.2.Final\jboss-logging-3.3.2.Final.jar;D:\tools\Repositorys\com\fasterxml\classmate\1.3.4\classmate-1.3.4.jar;D:\tools\Repositorys\org\springframework\spring-web\5.0.8.RELEASE\spring-web-5.0.8.RELEASE.jar;D:\tools\Repositorys\org\springframework\spring-beans\5.0.8.RELEASE\spring-beans-5.0.8.RELEASE.jar;D:\tools\Repositorys\org\springframework\spring-webmvc\5.0.8.RELEASE\spring-webmvc-5.0.8.RELEASE.jar;D:\tools\Repositorys\org\springframework\spring-aop\5.0.8.RELEASE\spring-aop-5.0.8.RELEASE.jar;D:\tools\Repositorys\org\springframework\spring-context\5.0.8.RELEASE\spring-context-5.0.8.RELEASE.jar;D:\tools\Repositorys\org\springframework\spring-expression\5.0.8.RELEASE\spring-expression-5.0.8.RELEASE.jar;D:\tools\Repositorys\org\springframework\boot\spring-boot-starter-tomcat\2.0.4.RELEASE\spring-boot-starter-tomcat-2.0.4.RELEASE.jar;D:\tools\Repositorys\javax\annotation\javax.annotation-api\1.3.2\javax.annotation-api-1.3.2.jar;D:\tools\Repositorys\org\apache\tomcat\embed\tomcat-embed-core\8.5.32\tomcat-embed-core-8.5.32.jar;D:\tools\Repositorys\org\apache\tomcat\embed\tomcat-embed-el\8.5.32\tomcat-embed-el-8.5.32.jar;D:\tools\Repositorys\org\apache\tomcat\embed\tomcat-embed-websocket\8.5.32\tomcat-embed-websocket-8.5.32.jar;D:\tools\Repositorys\org\springframework\boot\spring-boot-starter-test\2.0.4.RELEASE\spring-boot-starter-test-2.0.4.RELEASE.jar;D:\tools\Repositorys\org\springframework\boot\spring-boot-test\2.0.4.RELEASE\spring-boot-test-2.0.4.RELEASE.jar;D:\tools\Repositorys\org\springframework\boot\spring-boot-test-autoconfigure\2.0.4.RELEASE\spring-boot-test-autoconfigure-2.0.4.RELEASE.jar;D:\tools\Repositorys\com\jayway\jsonpath\json-path\2.4.0\json-path-2.4.0.jar;D:\tools\Repositorys\net\minidev\json-smart\2.3\json-smart-2.3.jar;D:\tools\Repositorys\net\minidev\accessors-smart\1.2\accessors-smart-1.2.jar;D:\tools\Repositorys\org\ow2\asm\asm\5.0.4\asm-5.0.4.jar;D:\tools\Repositorys\org\slf4j\slf4j-api\1.7.25\slf4j-api-1.7.25.jar;D:\tools\Repositorys\junit\junit\4.12\junit-4.12.jar;D:\tools\Repositorys\org\assertj\assertj-core\3.9.1\assertj-core-3.9.1.jar;D:\tools\Repositorys\org\mockito\mockito-core\2.15.0\mockito-core-2.15.0.jar;D:\tools\Repositorys\net\bytebuddy\byte-buddy\1.7.11\byte-buddy-1.7.11.jar;D:\tools\Repositorys\net\bytebuddy\byte-buddy-agent\1.7.11\byte-buddy-agent-1.7.11.jar;D:\tools\Repositorys\org\objenesis\objenesis\2.6\objenesis-2.6.jar;D:\tools\Repositorys\org\hamcrest\hamcrest-core\1.3\hamcrest-core-1.3.jar;D:\tools\Repositorys\org\hamcrest\hamcrest-library\1.3\hamcrest-library-1.3.jar;D:\tools\Repositorys\org\skyscreamer\jsonassert\1.5.0\jsonassert-1.5.0.jar;D:\tools\Repositorys\com\vaadin\external\google\android-json\0.0.20131108.vaadin1\android-json-0.0.20131108.vaadin1.jar;D:\tools\Repositorys\org\springframework\spring-core\5.0.8.RELEASE\spring-core-5.0.8.RELEASE.jar;D:\tools\Repositorys\org\springframework\spring-jcl\5.0.8.RELEASE\spring-jcl-5.0.8.RELEASE.jar;D:\tools\Repositorys\org\springframework\spring-test\5.0.8.RELEASE\spring-test-5.0.8.RELEASE.jar;D:\tools\Repositorys\org\xmlunit\xmlunit-core\2.5.1\xmlunit-core-2.5.1.jar;D:\tools\Repositorys\org\apache\tomcat\embed\tomcat-embed-jasper\8.5.32\tomcat-embed-jasper-8.5.32.jar;D:\tools\Repositorys\org\eclipse\jdt\ecj\3.12.3\ecj-3.12.3.jar;D:\tools\Repositorys\javax\servlet\jstl\1.2\jstl-1.2.jar;D:\tools\Repositorys\commons-fileupload\commons-fileupload\1.3.1\commons-fileupload-1.3.1.jar;D:\tools\Repositorys\commons-io\commons-io\2.2\commons-io-2.2.jar;D:\tools\Repositorys\org\mybatis\spring\boot\mybatis-spring-boot-starter\1.3.2\mybatis-spring-boot-starter-1.3.2.jar;D:\tools\Repositorys\org\springframework\boot\spring-boot-starter-jdbc\2.0.4.RELEASE\spring-boot-starter-jdbc-2.0.4.RELEASE.jar;D:\tools\Repositorys\com\zaxxer\HikariCP\2.7.9\HikariCP-2.7.9.jar;D:\tools\Repositorys\org\springframework\spring-jdbc\5.0.8.RELEASE\spring-jdbc-5.0.8.RELEASE.jar;D:\tools\Repositorys\org\springframework\spring-tx\5.0.8.RELEASE\spring-tx-5.0.8.RELEASE.jar;D:\tools\Repositorys\org\mybatis\spring\boot\mybatis-spring-boot-autoconfigure\1.3.2\mybatis-spring-boot-autoconfigure-1.3.2.jar;D:\tools\Repositorys\org\mybatis\mybatis\3.4.6\mybatis-3.4.6.jar;D:\tools\Repositorys\org\mybatis\mybatis-spring\1.3.2\mybatis-spring-1.3.2.jar;D:\tools\Repositorys\mysql\mysql-connector-java\5.1.46\mysql-connector-java-5.1.46.jar;D:\tools\Repositorys\com\github\pagehelper\pagehelper\5.1.2\pagehelper-5.1.2.jar;D:\tools\Repositorys\com\github\jsqlparser\jsqlparser\1.0\jsqlparser-1.0.jar;D:\tools\Repositorys\org\testng\testng\6.14.3\testng-6.14.3.jar;D:\tools\Repositorys\com\beust\jcommander\1.72\jcommander-1.72.jar;D:\tools\Repositorys\org\apache-extras\beanshell\bsh\2.0b6\bsh-2.0b6.jar;D:\tools\Repositorys\commons-beanutils\commons-beanutils\1.9.3\commons-beanutils-1.9.3.jar;D:\tools\Repositorys\commons-logging\commons-logging\1.2\commons-logging-1.2.jar;D:\tools\Repositorys\commons-collections\commons-collections\3.2.2\commons-collections-3.2.2.jar;D:\tools\Repositorys\org\apache\maven\surefire\surefire-testng-utils\2.21.0\surefire-testng-utils-2.21.0.jar;D:\tools\Repositorys\org\apache\maven\surefire\surefire-grouper\2.21.0\surefire-grouper-2.21.0.jar;"/>
    <property name="sun.cpu.endian" value="little"/>
    <property name="user.home" value="C:\Users\Administrator"/>
    <property name="user.language" value="zh"/>
    <property name="java.specification.vendor" value="Oracle Corporation"/>
    <property name="java.home" value="C:\Program Files\Java\jdk1.8.0_221\jre"/>
    <property name="basedir" value="D:\ideaSpace2\springbootTest"/>
    <property name="file.separator" value="\"/>
    <property name="line.separator" value="&#10;"/>
    <property name="java.vm.specification.vendor" value="Oracle Corporation"/>
    <property name="java.specification.name" value="Java Platform API Specification"/>
    <property name="java.awt.graphicsenv" value="sun.awt.Win32GraphicsEnvironment"/>
    <property name="surefire.real.class.path" value="C:\Users\ADMINI~1\AppData\Local\Temp\surefire2490389626017506787\surefirebooter7088853779711909123.jar"/>
    <property name="sun.boot.class.path" value="C:\Program Files\Java\jdk1.8.0_221\jre\lib\resources.jar;C:\Program Files\Java\jdk1.8.0_221\jre\lib\rt.jar;C:\Program Files\Java\jdk1.8.0_221\jre\lib\sunrsasign.jar;C:\Program Files\Java\jdk1.8.0_221\jre\lib\jsse.jar;C:\Program Files\Java\jdk1.8.0_221\jre\lib\jce.jar;C:\Program Files\Java\jdk1.8.0_221\jre\lib\charsets.jar;C:\Program Files\Java\jdk1.8.0_221\jre\lib\jfr.jar;C:\Program Files\Java\jdk1.8.0_221\jre\classes"/>
    <property name="user.script" value=""/>
    <property name="sun.management.compiler" value="HotSpot 64-Bit Tiered Compilers"/>
    <property name="java.runtime.version" value="1.8.0_221-b11"/>
    <property name="user.name" value="Administrator"/>
    <property name="path.separator" value=";"/>
    <property name="os.version" value="10.0"/>
    <property name="java.endorsed.dirs" value="C:\Program Files\Java\jdk1.8.0_221\jre\lib\endorsed"/>
    <property name="java.runtime.name" value="Java(TM) SE Runtime Environment"/>
    <property name="file.encoding" value="GBK"/>
    <property name="java.vm.name" value="Java HotSpot(TM) 64-Bit Server VM"/>
    <property name="localRepository" value="D:\tools\Repositorys"/>
    <property name="java.vendor.url.bug" value="http://bugreport.sun.com/bugreport/"/>
    <property name="java.io.tmpdir" value="C:\Users\ADMINI~1\AppData\Local\Temp\"/>
    <property name="java.version" value="1.8.0_221"/>
    <property name="user.dir" value="D:\ideaSpace2\springbootTest"/>
    <property name="os.arch" value="amd64"/>
    <property name="java.vm.specification.name" value="Java Virtual Machine Specification"/>
    <property name="java.awt.printerjob" value="sun.awt.windows.WPrinterJob"/>
    <property name="sun.os.patch.level" value=""/>
    <property name="java.library.path" value="C:\Program Files\Java\jdk1.8.0_221\jre\bin;C:\Windows\Sun\Java\bin;C:\Windows\system32;C:\Windows;C:\Program Files (x86)\Common Files\NetSarang;C:\Program Files (x86)\Common Files\Oracle\Java\javapath;C:\Windows\system32;C:\Windows;C:\Windows\System32\Wbem;C:\Windows\System32\WindowsPowerShell\v1.0\;C:\Windows\System32\OpenSSH\;C:\Program Files\Java\jdk1.8.0_221\bin;D:\tools\apache-maven-3.3.9\bin;D:\tools\Android_SDK\build-tools\29.0.2;D:\tools\Android_SDK\platform-tools;D:\tools\Android_SDK\emulator;D:\tools\Android_SDK\tools;C:\Program Files\Java\jdk1.8.0_221\jre\bin;D:\gongjuList\gitClient\Git\cmd;F:\apache-ant-1.10.3\bin;C:\ProgramData\chocolatey\bin;D:\tools\Android_SDK\tools\bin;C:\Program Files (x86)\GnuWin32\bin;;D:\tools\Appium_All\worksoftware\nvm\v8.11.3;D:\tools\Appium_All\worksoftware\nvm\v10.16.3;D:\tools\Appium_All\nodejs\;D:\tools\python36\Scripts\;D:\tools\python36\;C:\Users\Administrator\.windows-build-tools\python27;C:\Users\Administrator\.windows-build-tools\python27\Scripts;D:\tools\securityTools\fiddler;D:\gongjuList\vsCode\Microsoft VS Code\bin;D:\gongjuList\allure\allure-2.12.1\bin;D:\gongjuList\JetBrains\IntelliJ IDEA 2019.3.1\bin;D:\tools\Appium_All\worksoftware\nvm;D:\tools\Appium_All\worksoftware\nvm\nodejs;D:\tools\Appium_All\worksoftware\nodejs\npm-global;C:\Users\Administrator\AppData\Roaming\npm;."/>
    <property name="java.vm.info" value="mixed mode"/>
    <property name="java.vendor" value="Oracle Corporation"/>
    <property name="java.vm.version" value="25.221-b11"/>
    <property name="java.ext.dirs" value="C:\Program Files\Java\jdk1.8.0_221\jre\lib\ext;C:\Windows\Sun\Java\lib\ext"/>
    <property name="sun.io.unicode.encoding" value="UnicodeLittle"/>
    <property name="java.class.version" value="52.0"/>
  </properties>
</testsuite>